TN:
SF:/home/jvalle/Coding/bic02/student_seat_system/src/user_interface.c
FN:20,generate_25p_coverage_pattern
FNDA:2,generate_25p_coverage_pattern
FN:52,generate_50p_coverage_pattern
FNDA:2,generate_50p_coverage_pattern
FN:82,generate_100p_coverage_pattern
FNDA:2,generate_100p_coverage_pattern
FN:102,create_view1
FNDA:2,create_view1
FN:172,free_classroom
FNDA:0,free_classroom
FN:181,create_view2
FNDA:4,create_view2
FN:289,validate_user_input
FNDA:0,validate_user_input
FN:308,get_student_entry_input
FNDA:0,get_student_entry_input
FN:323,create_view3
FNDA:2,create_view3
FN:417,create_view4
FNDA:4,create_view4
FN:692,change_view
FNDA:0,change_view
FN:727,radio_button_selected
FNDA:0,radio_button_selected
FN:752,convert_str_to_int
FNDA:8,convert_str_to_int
FN:768,get_col_entry_input
FNDA:4,get_col_entry_input
FN:777,get_row_entry_input
FNDA:4,get_row_entry_input
FN:789,init_classroom
FNDA:4,init_classroom
FN:818,get_student_name_entry_input
FNDA:0,get_student_name_entry_input
FN:852,gtk_gui_main
FNDA:0,gtk_gui_main
DA:20,2
DA:23,2
DA:26,34
DA:27,32
DA:32,8
DA:33,18
DA:34,12
DA:35,12
DA:36,4
DA:37,8
DA:43,2
DA:52,2
DA:55,2
DA:58,10
DA:60,8
DA:62,8
DA:64,40
DA:66,32
DA:68,32
DA:73,2
DA:82,2
DA:85,10
DA:87,40
DA:89,32
DA:94,2
DA:102,2
DA:104,2
DA:105,2
DA:106,2
DA:107,2
DA:108,2
DA:109,2
DA:110,2
DA:111,2
DA:112,2
DA:113,2
DA:114,2
DA:115,2
DA:116,2
DA:117,2
DA:118,2
DA:119,2
DA:121,2
DA:122,2
DA:123,2
DA:124,2
DA:125,2
DA:129,2
DA:130,2
DA:131,2
DA:134,2
DA:135,2
DA:136,2
DA:139,2
DA:140,2
DA:141,2
DA:142,2
DA:143,2
DA:144,2
DA:145,2
DA:146,2
DA:147,2
DA:148,2
DA:149,2
DA:150,2
DA:152,2
DA:153,2
DA:154,2
DA:155,2
DA:157,2
DA:159,2
DA:160,2
DA:162,2
DA:163,2
DA:166,2
DA:172,0
DA:173,0
DA:174,0
DA:175,0
DA:181,4
DA:183,4
DA:184,2
DA:185,2
DA:188,4
DA:189,4
DA:192,4
DA:193,4
DA:194,4
DA:195,4
DA:196,4
DA:197,4
DA:198,4
DA:200,4
DA:201,4
DA:202,4
DA:203,4
DA:206,4
DA:207,0
DA:208,0
DA:212,22
DA:213,18
DA:214,18
DA:218,86
DA:219,82
DA:220,0
DA:221,0
DA:223,82
DA:224,82
DA:225,82
DA:226,82
DA:230,4
DA:231,22
DA:232,100
DA:233,82
DA:234,82
DA:235,82
DA:236,82
DA:237,82
DA:239,82
DA:240,82
DA:241,82
DA:242,82
DA:244,82
DA:249,22
DA:250,18
DA:253,4
DA:254,4
DA:255,4
DA:256,4
DA:260,4
DA:261,4
DA:262,4
DA:264,4
DA:265,4
DA:267,4
DA:268,4
DA:269,4
DA:271,4
DA:272,4
DA:275,4
DA:276,4
DA:277,4
DA:280,4
DA:289,0
DA:290,0
DA:291,0
DA:292,0
DA:293,0
DA:294,0
DA:295,0
DA:296,0
DA:298,0
DA:300,0
DA:308,0
DA:309,0
DA:310,0
DA:311,0
DA:312,0
DA:313,0
DA:314,0
DA:323,2
DA:326,2
DA:328,2
DA:329,2
DA:330,2
DA:331,2
DA:333,2
DA:334,2
DA:336,2
DA:337,2
DA:338,2
DA:339,2
DA:340,2
DA:341,2
DA:342,2
DA:345,2
DA:347,2
DA:351,2
DA:352,0
DA:353,0
DA:357,10
DA:358,8
DA:359,8
DA:363,234
DA:364,232
DA:365,232
DA:366,232
DA:367,174
DA:368,174
DA:370,58
DA:374,2
DA:375,10
DA:376,240
DA:377,232
DA:378,232
DA:379,232
DA:380,232
DA:381,232
DA:382,232
DA:385,10
DA:386,8
DA:388,2
DA:389,2
DA:390,2
DA:391,2
DA:393,2
DA:394,2
DA:396,2
DA:397,2
DA:398,2
DA:400,2
DA:401,2
DA:403,2
DA:404,2
DA:405,2
DA:406,2
DA:409,2
DA:417,4
DA:421,4
DA:423,4
DA:426,4
DA:427,0
DA:433,0
DA:434,0
DA:435,0
DA:436,4
DA:438,4
DA:439,4
DA:442,4
DA:444,4
DA:445,4
DA:446,4
DA:447,4
DA:448,4
DA:449,4
DA:451,4
DA:452,4
DA:453,4
DA:454,4
DA:455,4
DA:456,4
DA:458,4
DA:459,4
DA:460,4
DA:461,4
DA:463,4
DA:464,4
DA:466,4
DA:468,4
DA:469,24
DA:470,120
DA:471,100
DA:475,4
DA:476,2
DA:477,2
DA:478,2
DA:479,2
DA:481,4
DA:482,4
DA:483,4
DA:484,4
DA:485,4
DA:488,4
DA:489,2
DA:490,2
DA:491,2
DA:492,2
DA:495,4
DA:496,4
DA:497,4
DA:498,4
DA:499,4
DA:502,4
DA:503,2
DA:504,2
DA:505,2
DA:506,2
DA:507,2
DA:510,4
DA:511,4
DA:512,4
DA:513,4
DA:514,4
DA:515,4
DA:518,4
DA:519,2
DA:520,2
DA:521,2
DA:522,2
DA:523,2
DA:526,4
DA:527,2
DA:528,2
DA:529,2
DA:530,2
DA:531,2
DA:534,4
DA:539,4
DA:540,2
DA:541,2
DA:542,2
DA:543,2
DA:546,4
DA:547,4
DA:548,4
DA:549,4
DA:550,4
DA:553,4
DA:554,2
DA:555,2
DA:556,2
DA:557,2
DA:560,4
DA:561,4
DA:562,4
DA:563,4
DA:564,4
DA:567,4
DA:568,2
DA:569,2
DA:570,2
DA:571,2
DA:572,2
DA:573,2
DA:575,4
DA:576,4
DA:577,4
DA:578,4
DA:579,4
DA:580,4
DA:581,4
DA:583,4
DA:584,2
DA:585,2
DA:586,2
DA:587,2
DA:588,2
DA:589,2
DA:591,4
DA:592,2
DA:593,2
DA:594,2
DA:595,2
DA:596,2
DA:597,2
DA:601,4
DA:602,2
DA:603,2
DA:604,2
DA:605,2
DA:606,2
DA:607,2
DA:610,4
DA:611,2
DA:612,2
DA:613,2
DA:614,2
DA:615,2
DA:616,2
DA:619,4
DA:620,4
DA:621,4
DA:622,4
DA:623,4
DA:624,4
DA:625,4
DA:628,4
DA:629,2
DA:630,2
DA:631,2
DA:632,2
DA:633,2
DA:634,2
DA:638,4
DA:639,2
DA:640,2
DA:641,2
DA:642,2
DA:643,2
DA:644,2
DA:648,4
DA:649,4
DA:650,4
DA:651,4
DA:652,4
DA:653,4
DA:654,4
DA:657,4
DA:658,2
DA:659,2
DA:660,2
DA:661,2
DA:662,2
DA:663,2
DA:667,4
DA:668,2
DA:669,2
DA:670,2
DA:671,2
DA:672,2
DA:673,2
DA:679,4
DA:680,4
DA:681,4
DA:682,4
DA:683,4
DA:684,4
DA:686,4
DA:692,0
DA:693,0
DA:694,0
DA:695,0
DA:696,0
DA:698,0
DA:699,0
DA:701,0
DA:702,0
DA:703,0
DA:704,0
DA:705,0
DA:707,0
DA:708,0
DA:710,0
DA:711,0
DA:712,0
DA:713,0
DA:714,0
DA:716,0
DA:717,0
DA:719,0
DA:727,0
DA:728,0
DA:729,0
DA:730,0
DA:731,0
DA:733,0
DA:734,0
DA:735,0
DA:736,0
DA:739,0
DA:740,0
DA:741,0
DA:742,0
DA:745,0
DA:752,8
DA:755,8
DA:757,8
DA:758,8
DA:760,0
DA:762,8
DA:768,4
DA:769,4
DA:770,0
DA:771,4
DA:772,4
DA:777,4
DA:778,4
DA:779,0
DA:780,4
DA:781,4
DA:789,4
DA:791,4
DA:792,4
DA:793,0
DA:794,0
DA:796,4
DA:797,4
DA:798,4
DA:799,4
DA:801,86
DA:802,82
DA:807,4
DA:809,4
DA:811,4
DA:812,4
DA:818,0
DA:819,0
DA:820,0
DA:822,0
DA:823,0
DA:824,0
DA:827,0
DA:828,0
DA:829,0
DA:831,0
DA:832,0
DA:833,0
DA:834,0
DA:835,0
DA:837,0
DA:839,0
DA:840,0
DA:843,0
DA:852,0
DA:855,0
DA:856,0
DA:861,0
DA:862,0
DA:863,0
DA:864,0
DA:866,0
DA:867,0
DA:868,0
DA:869,0
DA:871,0
DA:872,0
DA:874,0
DA:876,0
DA:878,0
DA:881,0
DA:884,0
DA:885,0
DA:887,0
DA:888,0
DA:889,0
DA:891,0
DA:892,0
DA:894,0
DA:896,0
end_of_record
